  [1m[36m (46.7ms)[0m  [1mCREATE TABLE "schema_migrations" ("version" character varying(255) NOT NULL) [0m
  [1m[35m (180.3ms)[0m  CREATE UNIQUE INDEX "unique_schema_migrations" ON "schema_migrations" ("version")
  [1m[36mActiveRecord::SchemaMigration Load (0.2ms)[0m  [1mSELECT "schema_migrations".* FROM "schema_migrations"[0m
Migrating to CreateCafes (20130818184919)
  [1m[35m (0.1ms)[0m  BEGIN
  [1m[36m (96.5ms)[0m  [1mCREATE TABLE "cafes" ("id" serial primary key, "name" character varying(255) NOT NULL, "latitude" decimal(9,6) NOT NULL, "longitude" decimal(9,6) NOT NULL, "created_at" timestamp, "updated_at" timestamp) [0m
  [1m[35mSQL (0.6ms)[0m  INSERT INTO "schema_migrations" ("version") VALUES ($1)  [["version", "20130818184919"]]
  [1m[36m (20.9ms)[0m  [1mCOMMIT[0m
Migrating to EnablePostgis (20130818190628)
  [1m[35m (0.2ms)[0m  BEGIN
  [1m[36mSQL (0.7ms)[0m  [1mCREATE EXTENSION IF NOT EXISTS "postgis"[0m
PG::UndefinedFile: ERROR:  could not open extension control file "/usr/share/postgresql/9.1/extension/postgis.control": Nie ma takiego pliku ani katalogu
: CREATE EXTENSION IF NOT EXISTS "postgis"
  [1m[35m (0.1ms)[0m  ROLLBACK
  [1m[36mActiveRecord::SchemaMigration Load (0.2ms)[0m  [1mSELECT "schema_migrations".* FROM "schema_migrations"[0m
Migrating to EnablePostgis (20130818190628)
  [1m[35m (0.1ms)[0m  BEGIN
  [1m[36mSQL (0.4ms)[0m  [1mCREATE EXTENSION IF NOT EXISTS "postgis"[0m
PG::UndefinedFile: ERROR:  could not open extension control file "/usr/share/postgresql/9.1/extension/postgis.control": Nie ma takiego pliku ani katalogu
: CREATE EXTENSION IF NOT EXISTS "postgis"
  [1m[35m (0.1ms)[0m  ROLLBACK
  [1m[36m (434.9ms)[0m  [1mDROP DATABASE IF EXISTS "refuelly_development"[0m
  [1m[35m (502.3ms)[0m  DROP DATABASE IF EXISTS "refuelly_test"
  [1m[36m (1203.9ms)[0m  [1mCREATE DATABASE "refuelly_development" ENCODING = 'unicode'[0m
  [1m[35m (1528.1ms)[0m  CREATE DATABASE "refuelly_test" ENCODING = 'unicode'
  [1m[36mActiveRecord::SchemaMigration Load (0.4ms)[0m  [1mSELECT "schema_migrations".* FROM "schema_migrations"[0m
  [1m[36m (1803.6ms)[0m  [1mDROP DATABASE IF EXISTS "refuelly_development"[0m
  [1m[35m (337.2ms)[0m  DROP DATABASE IF EXISTS "refuelly_test"
  [1m[36m (1445.0ms)[0m  [1mCREATE DATABASE "refuelly_development" ENCODING = 'unicode'[0m
  [1m[35m (1741.6ms)[0m  CREATE DATABASE "refuelly_test" ENCODING = 'unicode'
  [1m[36mActiveRecord::SchemaMigration Load (0.4ms)[0m  [1mSELECT "schema_migrations".* FROM "schema_migrations"[0m
  [1m[36m (26.1ms)[0m  [1mCREATE TABLE "schema_migrations" ("version" character varying(255) NOT NULL) [0m
  [1m[35m (315.8ms)[0m  CREATE UNIQUE INDEX "unique_schema_migrations" ON "schema_migrations" ("version")
  [1m[36mActiveRecord::SchemaMigration Load (0.2ms)[0m  [1mSELECT "schema_migrations".* FROM "schema_migrations"[0m
Migrating to CreateCafes (20130818184919)
  [1m[35m (0.1ms)[0m  BEGIN
  [1m[36m (124.6ms)[0m  [1mCREATE TABLE "cafes" ("id" serial primary key, "name" character varying(255) NOT NULL, "latitude" decimal(9,6) NOT NULL, "longitude" decimal(9,6) NOT NULL, "created_at" timestamp, "updated_at" timestamp) [0m
  [1m[35mSQL (1.5ms)[0m  INSERT INTO "schema_migrations" ("version") VALUES ($1)  [["version", "20130818184919"]]
  [1m[36m (36.6ms)[0m  [1mCOMMIT[0m
Migrating to EnablePostgis (20130818190628)
  [1m[35m (0.2ms)[0m  BEGIN
  [1m[36mSQL (1548.6ms)[0m  [1mCREATE EXTENSION IF NOT EXISTS "postgis"[0m
  [1m[35mSQL (0.2ms)[0m  INSERT INTO "schema_migrations" ("version") VALUES ($1)  [["version", "20130818190628"]]
  [1m[36m (28.8ms)[0m  [1mCOMMIT[0m
Migrating to AddPointIndexToCafes (20130818193439)
  [1m[35m (0.1ms)[0m  BEGIN
  [1m[36m (1.2ms)[0m  [1m
 create index index_on_cafes_location ON cafes using gist (
 ST_GeographyFromText(
 'SRID=4326;POINT(' || cafes.longitude || ' ' || cafes.latitude || ')'
 )
 )
 [0m
  [1m[35mSQL (0.1ms)[0m  INSERT INTO "schema_migrations" ("version") VALUES ($1)  [["version", "20130818193439"]]
  [1m[36m (23.7ms)[0m  [1mCOMMIT[0m
  [1m[35mActiveRecord::SchemaMigration Load (0.5ms)[0m  SELECT "schema_migrations".* FROM "schema_migrations" ORDER BY version
